<?xml version="1.0" encoding="UTF-8"?>
<!-- Generated by org.testng.reporters.JUnitReportReporter -->
<testsuite hostname="Salahs-MacBook-Pro.local" failures="0" tests="4" name="scripts._03_EtsyTest" time="30.570" errors="0" timestamp="2022-06-11T14:48:36 CDT" skipped="0">
  <testcase classname="scripts._03_EtsyTest" name="testEtsyLogo" time="7.576"/>
  <system-out/>
  <testcase classname="scripts._03_EtsyTest" name="testEtsySearchResult" time="9.627"/>
  <system-out/>
  <testcase classname="scripts._03_EtsyTest" name="testEtsySearch" time="7.381"/>
  <system-out/>
  <testcase classname="scripts._03_EtsyTest" name="testMainHeader" time="5.986"/>
  <system-out/>
</testsuite> <!-- scripts._03_EtsyTest -->
