<?xml version="1.0" encoding="UTF-8"?>
<!-- Generated by org.testng.reporters.JUnitReportReporter -->
<testsuite hostname="Salahs-MacBook-Pro.local" failures="0" tests="2" name="scripts._04_GoogleSearchTest" time="14.520" errors="0" timestamp="2022-06-11T14:48:36 CDT" skipped="0">
  <testcase classname="scripts._04_GoogleSearchTest" name="testGoogleSearch" time="7.376"/>
  <system-out/>
  <testcase classname="scripts._04_GoogleSearchTest" name="testGoogleStoreLink" time="7.144"/>
  <system-out/>
</testsuite> <!-- scripts._04_GoogleSearchTest -->
