<?xml version="1.0" encoding="UTF-8"?>
<!-- Generated by org.testng.reporters.JUnitReportReporter -->
<testsuite hostname="Salahs-MacBook-Pro.local" failures="0" tests="1" name="scripts._05_CheckBoxTest" time="13.335" errors="0" timestamp="2022-05-29T15:42:16 CDT" skipped="0">
  <testcase classname="scripts._05_CheckBoxTest" name="testCheckBoxInHeroApp" time="13.335"/>
  <system-out/>
</testsuite> <!-- scripts._05_CheckBoxTest -->
