<?xml version="1.0" encoding="UTF-8"?>
<!-- Generated by org.testng.reporters.JUnitReportReporter -->
<testsuite hostname="Salahs-MacBook-Pro.local" failures="0" tests="3" name="scripts._01_AppleTest" time="15.188" errors="0" timestamp="2022-06-11T14:48:36 CDT" skipped="1">
  <testcase classname="scripts._01_AppleTest" name="testAppleTitle" time="5.922"/>
  <system-out/>
  <testcase classname="scripts._01_AppleTest" name="testAppleURL" time="9.266"/>
  <system-out/>
  <testcase classname="scripts._01_AppleTest" name="X">
    <skipped/>
  </testcase> <!-- X -->
  <system-out/>
</testsuite> <!-- scripts._01_AppleTest -->
