<?xml version="1.0" encoding="UTF-8"?>
<!-- Generated by org.testng.reporters.JUnitReportReporter -->
<testsuite hostname="Salahs-MacBook-Pro.local" failures="0" tests="1" name="scripts._06_RadioButtonTest" time="13.368" errors="0" timestamp="2022-06-11T14:48:36 CDT" skipped="0">
  <testcase classname="scripts._06_RadioButtonTest" name="testFacebookGenderRadioButtons" time="13.368"/>
  <system-out/>
</testsuite> <!-- scripts._06_RadioButtonTest -->
