<?xml version="1.0" encoding="UTF-8"?>
<!-- Generated by org.testng.reporters.JUnitReportReporter -->
<testsuite hostname="Salahs-MacBook-Pro.local" failures="0" tests="1" name="scripts._06_RadioButtonTest" time="13.200" errors="0" timestamp="2022-05-29T15:42:16 CDT" skipped="0">
  <testcase classname="scripts._06_RadioButtonTest" name="testFacebookGenderRadioButtons" time="13.200"/>
  <system-out/>
</testsuite> <!-- scripts._06_RadioButtonTest -->
